<?xml version="1.0" encoding="UTF-8"?>
<Site BuildName="Linux-c++"
	BuildStamp="20230309-2125-Continuous"
	Name="ika"
	Generator="ctest-3.24.2"
	CompilerName="/usr/bin/c++"
	CompilerVersion="11.3.0"
	OSName="Linux"
	Hostname="ika"
	OSRelease="5.19.0-35-generic"
	OSVersion="#36~22.04.1-Ubuntu SMP PREEMPT_DYNAMIC Fri Feb 17 15:17:25 UTC 2"
	OSPlatform="x86_64"
	Is64Bits="1"
	VendorString="AuthenticAMD"
	VendorID="Advanced Micro Devices"
	FamilyID="23"
	ModelID="104"
	ProcessorCacheSize="512"
	NumberOfLogicalCPU="16"
	NumberOfPhysicalCPU="8"
	TotalVirtualMemory="2047"
	TotalPhysicalMemory="15344"
	LogicalProcessorsPerPhysical="2"
	ProcessorClockFrequency="2609.65"
	>
	<Configure>
		<StartDateTime>Mar 09 21:25 WET</StartDateTime>
		<StartConfigureTime>1678397157</StartConfigureTime>
		<ConfigureCommand>"/home/ika/CG/clion-2022.3.2/bin/cmake/linux/x64/bin/cmake" "/home/ika/CG/CG-22-23/Engine/code/pugixml-1.13"</ConfigureCommand>
		<Log>-- Configuring done
-- Generating done
-- Build files have been written to: /home/ika/CG/CG-22-23/Engine/code/pugixml-1.13/cmake-build-debug
</Log>
		<ConfigureStatus>0</ConfigureStatus>
		<EndDateTime>Mar 09 21:25 WET</EndDateTime>
		<EndConfigureTime>1678397157</EndConfigureTime>
		<ElapsedMinutes>0</ElapsedMinutes>
	</Configure>
</Site>
